#
# A fatal error has been detected by the Java Runtime Environment:
#
#  SIGSEGV (0xb) at pc=0x0000000109a39594, pid=38700, tid=0x0000000000003407
#
# JRE version: Java(TM) SE Runtime Environment (8.0_101-b13) (build 1.8.0_101-b13)
# Java VM: Java HotSpot(TM) 64-Bit Server VM (25.101-b13 mixed mode bsd-amd64 compressed oops)
# Problematic frame:
# V  [libjvm.dylib+0x44c594]
#
# Failed to write core dump. Core dumps have been disabled. To enable core dumping, try "ulimit -c unlimited" before starting Java again
#
# If you would like to submit a bug report, please visit:
#   http://bugreport.java.com/bugreport/crash.jsp
#

---------------  T H R E A D  ---------------

Current thread (0x00007fb02583e800):  JavaThread "JDWP Transport Listener: dt_socket" daemon [_thread_in_vm, id=13319, stack(0x0000700003fa0000,0x00007000040a0000)]

siginfo: si_signo: 11 (SIGSEGV), si_code: 0 (unknown), si_addr: 0x0000000000000000

Registers:
RAX=0x0000000000000001, RBX=0x000070000409fb4b, RCX=0x0000000109e0c360, RDX=0x000070000409fb4b
RSP=0x000070000409fa90, RBP=0x000070000409faa0, RSI=0x00007fb02583e800, RDI=0x9000000000000000
R8 =0x0000000000000000, R9 =0x000000000000f059, R10=0x00000000feffffff, R11=0x00000000000000fc
R12=0x00007fb02583e800, R13=0x9000000000000000, R14=0x9000000000000000, R15=0x00007fb025608810
RIP=0x0000000109a39594, EFLAGS=0x0000000000010286, ERR=0x0000000000000000
  TRAPNO=0x000000000000000d

Top of Stack: (sp=0x000070000409fa90)
0x000070000409fa90:   000070000409fb4b 000070000409fb4b
0x000070000409faa0:   000070000409fb00 00000001099450d2
0x000070000409fab0:   00007fb02583e800 0000000000000000
0x000070000409fac0:   0000700000000000 0000000000000000
0x000070000409fad0:   00007fb02583e800 00007fb02583e800
0x000070000409fae0:   000070000409fb4b 000070000409fb50
0x000070000409faf0:   9000000000000000 0000000000000000
0x000070000409fb00:   000070000409fb20 0000000107dc2780
0x000070000409fb10:   0000000000000001 000070000409fbc8
0x000070000409fb20:   000070000409fb90 0000000107da71f3
0x000070000409fb30:   000070000409fb60 00007fb0284f45f0
0x000070000409fb40:   0000000300000032 000070000409fbc8
0x000070000409fb50:   0000000000000000 0000000000000000
0x000070000409fb60:   0000000000000000 000070000409fd50
0x000070000409fb70:   0000000107dc9e7a 00007fb0256d5580
0x000070000409fb80:   000070000409fbc8 0000000107dd5598
0x000070000409fb90:   000070000409fba0 0000000107da72ec
0x000070000409fba0:   000070000409fdc0 0000000107db0898
0x000070000409fbb0:   0000293300000013 00000000000f0200
0x000070000409fbc0:   00007fb0287e4fd0 000070000409fc1c
0x000070000409fbd0:   0000000000000128 000070000409fbe0
0x000070000409fbe0:   0000000000000004 000070000409fc18
0x000070000409fbf0:   0000000000000000 0000000000000000
0x000070000409fc00:   000029330000001c 00007fb000007980
0x000070000409fc10:   000070000409fc18 0000000103000000
0x000070000409fc20:   0000004000000000 7470656363412d07
0x000070000409fc30:   6f6972656c6c726f 756e61656c632d6e
0x000070000409fc40:   6369767265537370 65733b6c706d4965
0x000070000409fc50:   6e72657355794272 284f000000656d61
0x000070000409fc60:   616c2f6176616a4c 6e697274532f676e
0x000070000409fc70:   2f67726f4c293b67 7266676e69727073
0x000070000409fc80:   2f6b726f77656d61 7974697275636573 

Instructions: (pc=0x0000000109a39594)
0x0000000109a39574:   40 48 48 85 c0 75 e0 30 c0 0f b6 c0 5d c3 31 c0
0x0000000109a39584:   5d c3 55 48 89 e5 53 48 83 ec 08 48 85 ff 74 24
0x0000000109a39594:   48 8b 1f 48 85 db 74 1c 48 83 fb 37 74 16 48 8b
0x0000000109a395a4:   03 48 89 df ff 50 10 84 c0 b8 00 00 00 00 48 0f 

Register to memory mapping:

RAX=0x0000000000000001 is an unknown value
RBX=0x000070000409fb4b is pointing into the stack for thread: 0x00007fb02583e800
RCX=0x0000000109e0c360: UseMembar+0 in /Library/Java/JavaVirtualMachines/jdk1.8.0_101.jdk/Contents/Home/jre/lib/server/libjvm.dylib at 0x00000001095ed000
RDX=0x000070000409fb4b is pointing into the stack for thread: 0x00007fb02583e800
RSP=0x000070000409fa90 is pointing into the stack for thread: 0x00007fb02583e800
RBP=0x000070000409faa0 is pointing into the stack for thread: 0x00007fb02583e800
RSI=0x00007fb02583e800 is a thread
RDI=0x9000000000000000 is an unknown value
R8 =0x0000000000000000 is an unknown value
R9 =0x000000000000f059 is an unknown value
R10=0x00000000feffffff is an unknown value
R11=0x00000000000000fc is an unknown value
R12=0x00007fb02583e800 is a thread
R13=0x9000000000000000 is an unknown value
R14=0x9000000000000000 is an unknown value
R15=0x00007fb025608810 is an unknown value


Stack: [0x0000700003fa0000,0x00007000040a0000],  sp=0x000070000409fa90,  free space=1022k
Native frames: (J=compiled Java code, j=interpreted, Vv=VM code, C=native code)
V  [libjvm.dylib+0x44c594]
V  [libjvm.dylib+0x3580d2]
C  [libjdwp.dylib+0x20780]  isMethodSynthetic+0x63
C  [libjdwp.dylib+0x51f3]  methods1+0x10b
C  [libjdwp.dylib+0x52ec]  methodsWithGeneric+0xe
C  [libjdwp.dylib+0xe898]  debugLoop_run+0x1ce
C  [libjdwp.dylib+0x1f6ba]  attachThread+0x4d
V  [libjvm.dylib+0x399438]
V  [libjvm.dylib+0x5695ab]
V  [libjvm.dylib+0x56ac98]
V  [libjvm.dylib+0x48933a]
C  [libsystem_pthread.dylib+0x6109]  _pthread_start+0x94
C  [libsystem_pthread.dylib+0x1b8b]  thread_start+0xf
C  0x0000000000000000


---------------  P R O C E S S  ---------------

Java Threads: ( => current thread )
  0x00007fb025e28800 JavaThread "DestroyJavaVM" [_thread_blocked, id=3587, stack(0x000070000357f000,0x000070000367f000)]
  0x00007fb028a22800 JavaThread "http-nio-8084-Acceptor" daemon [_thread_in_native, id=37891, stack(0x0000700006309000,0x0000700006409000)]
  0x00007fb025b15000 JavaThread "http-nio-8084-ClientPoller" daemon [_thread_in_native, id=38403, stack(0x0000700006206000,0x0000700006306000)]
  0x00007fb026544800 JavaThread "http-nio-8084-exec-10" daemon [_thread_blocked, id=28419, stack(0x0000700006103000,0x0000700006203000)]
  0x00007fb02733a800 JavaThread "http-nio-8084-exec-9" daemon [_thread_blocked, id=28163, stack(0x0000700006000000,0x0000700006100000)]
  0x00007fb026543800 JavaThread "http-nio-8084-exec-8" daemon [_thread_blocked, id=27651, stack(0x0000700005efd000,0x0000700005ffd000)]
  0x00007fb026534800 JavaThread "http-nio-8084-exec-7" daemon [_thread_blocked, id=27139, stack(0x0000700005dfa000,0x0000700005efa000)]
  0x00007fb02738e000 JavaThread "http-nio-8084-exec-6" daemon [_thread_blocked, id=39171, stack(0x0000700005cf7000,0x0000700005df7000)]
  0x00007fb025d45800 JavaThread "http-nio-8084-exec-5" daemon [_thread_blocked, id=26883, stack(0x0000700005bf4000,0x0000700005cf4000)]
  0x00007fb025d26800 JavaThread "http-nio-8084-exec-4" daemon [_thread_blocked, id=39939, stack(0x0000700005af1000,0x0000700005bf1000)]
  0x00007fb025d25800 JavaThread "http-nio-8084-exec-3" daemon [_thread_blocked, id=40195, stack(0x00007000059ee000,0x0000700005aee000)]
  0x00007fb025cff800 JavaThread "http-nio-8084-exec-2" daemon [_thread_blocked, id=26371, stack(0x00007000058eb000,0x00007000059eb000)]
  0x00007fb028a1c000 JavaThread "http-nio-8084-exec-1" daemon [_thread_blocked, id=25859, stack(0x00007000057e8000,0x00007000058e8000)]
  0x00007fb02654e000 JavaThread "http-nio-8084-BlockPoller" daemon [_thread_in_native, id=25603, stack(0x00007000056e5000,0x00007000057e5000)]
  0x00007fb0272c9000 JavaThread "HikariPool-1 housekeeper" daemon [_thread_blocked, id=24835, stack(0x00007000054df000,0x00007000055df000)]
  0x00007fb027228800 JavaThread "container-0" [_thread_blocked, id=41475, stack(0x00007000053dc000,0x00007000054dc000)]
  0x00007fb028b6d800 JavaThread "Catalina-utility-2" [_thread_blocked, id=24579, stack(0x00007000052d9000,0x00007000053d9000)]
  0x00007fb027225800 JavaThread "Catalina-utility-1" [_thread_blocked, id=41987, stack(0x00007000051d6000,0x00007000052d6000)]
  0x00007fb026466000 JavaThread "mysql-cj-abandoned-connection-cleanup" daemon [_thread_blocked, id=42251, stack(0x0000700004fd0000,0x00007000050d0000)]
  0x00007fb0259ca000 JavaThread "JMX server connection timeout 20" daemon [_thread_blocked, id=23299, stack(0x0000700004ecd000,0x0000700004fcd000)]
  0x00007fb0259d1800 JavaThread "RMI TCP Connection(idle)" daemon [_thread_blocked, id=42755, stack(0x0000700004dca000,0x0000700004eca000)]
  0x00007fb0259bd000 JavaThread "RMI Scheduler(0)" daemon [_thread_blocked, id=43011, stack(0x0000700004cc7000,0x0000700004dc7000)]
  0x00007fb026207800 JavaThread "Attach Listener" daemon [_thread_blocked, id=22019, stack(0x0000700004ac1000,0x0000700004bc1000)]
  0x00007fb0288f5800 JavaThread "RMI TCP Accept-0" daemon [_thread_in_native, id=16387, stack(0x00007000048bb000,0x00007000049bb000)]
  0x00007fb026206000 JavaThread "RMI TCP Accept-60688" daemon [_thread_in_native, id=15619, stack(0x00007000047b8000,0x00007000048b8000)]
  0x00007fb02620d000 JavaThread "RMI TCP Accept-0" daemon [_thread_in_native, id=19719, stack(0x00007000046b5000,0x00007000047b5000)]
  0x00007fb027133000 JavaThread "Service Thread" daemon [_thread_blocked, id=17155, stack(0x00007000045b2000,0x00007000046b2000)]
  0x00007fb027132800 JavaThread "C1 CompilerThread2" daemon [_thread_blocked, id=14851, stack(0x00007000044af000,0x00007000045af000)]
  0x00007fb02712b000 JavaThread "C2 CompilerThread1" daemon [_thread_blocked, id=17411, stack(0x00007000043ac000,0x00007000044ac000)]
  0x00007fb026166800 JavaThread "C2 CompilerThread0" daemon [_thread_blocked, id=14339, stack(0x00007000042a9000,0x00007000043a9000)]
  0x00007fb027024000 JavaThread "JDWP Command Reader" daemon [_thread_in_native, id=17923, stack(0x00007000041a6000,0x00007000042a6000)]
  0x00007fb028811800 JavaThread "JDWP Event Helper Thread" daemon [_thread_blocked, id=18179, stack(0x00007000040a3000,0x00007000041a3000)]
=>0x00007fb02583e800 JavaThread "JDWP Transport Listener: dt_socket" daemon [_thread_in_vm, id=13319, stack(0x0000700003fa0000,0x00007000040a0000)]
  0x00007fb02581e800 JavaThread "Signal Dispatcher" daemon [_thread_blocked, id=12803, stack(0x0000700003e9d000,0x0000700003f9d000)]
  0x00007fb026046000 JavaThread "Finalizer" daemon [_thread_blocked, id=21251, stack(0x0000700003c94000,0x0000700003d94000)]
  0x00007fb026043000 JavaThread "Reference Handler" daemon [_thread_blocked, id=11523, stack(0x0000700003b91000,0x0000700003c91000)]

Other Threads:
  0x00007fb02581a800 VMThread [stack: 0x0000700003a8e000,0x0000700003b8e000] [id=11011]
  0x00007fb026207000 WatcherThread [stack: 0x00007000049be000,0x0000700004abe000] [id=15875]

VM state:not at safepoint (normal execution)

VM Mutex/Monitor currently owned by a thread: None

Heap:
 PSYoungGen      total 408064K, used 47455K [0x0000000795580000, 0x00000007b2600000, 0x00000007c0000000)
  eden space 392192K, 12% used [0x0000000795580000,0x00000007983d7e28,0x00000007ad480000)
  from space 15872K, 0% used [0x00000007ad480000,0x00000007ad480000,0x00000007ae400000)
  to   space 15360K, 0% used [0x00000007b1700000,0x00000007b1700000,0x00000007b2600000)
 ParOldGen       total 96256K, used 26833K [0x0000000740000000, 0x0000000745e00000, 0x0000000795580000)
  object space 96256K, 27% used [0x0000000740000000,0x0000000741a347a0,0x0000000745e00000)
 Metaspace       used 57029K, capacity 60126K, committed 60416K, reserved 1101824K
  class space    used 7782K, capacity 8328K, committed 8448K, reserved 1048576K

Card table byte_map: [0x0000000108a2c000,0x0000000108e2d000] byte_map_base: 0x000000010502c000

Marking Bits: (ParMarkBitMap*) 0x0000000109edad20
 Begin Bits: [0x000000011958a000, 0x000000011b58a000)
 End Bits:   [0x000000011b58a000, 0x000000011d58a000)

Polling page: 0x0000000107da1000

CodeCache: size=245760Kb used=9391Kb max_used=9391Kb free=236368Kb
 bounds [0x000000010a58a000, 0x000000010aeba000, 0x000000011958a000]
 total_blobs=5186 nmethods=4611 adapters=496
 compilation: enabled

Compilation events (10 events):
Event: 486.724 Thread 0x00007fb027132800 4717       1       sun.reflect.ClassFileAssembler::opc_dup (11 bytes)
Event: 486.725 Thread 0x00007fb027132800 nmethod 4717 0x000000010aeb7110 code [0x000000010aeb7280, 0x000000010aeb7428]
Event: 486.727 Thread 0x00007fb027132800 4718       1       org.hibernate.internal.AbstractSharedSessionContract::isClosed (23 bytes)
Event: 486.728 Thread 0x00007fb027132800 nmethod 4718 0x000000010aeb7550 code [0x000000010aeb76a0, 0x000000010aeb77f0]
Event: 486.728 Thread 0x00007fb027132800 4719   !   1       org.jboss.logging.Log4j2Logger::doLog (72 bytes)
Event: 486.732 Thread 0x00007fb027132800 nmethod 4719 0x000000010aeb7890 code [0x000000010aeb7a60, 0x000000010aeb7ee8]
Event: 488.913 Thread 0x00007fb027132800 4720       1       java.util.TreeMap::navigableKeySet (27 bytes)
Event: 488.914 Thread 0x00007fb027132800 nmethod 4720 0x000000010aeb8390 code [0x000000010aeb84e0, 0x000000010aeb8690]
Event: 508.920 Thread 0x00007fb027132800 4721       1       org.apache.catalina.core.StandardPipeline::getFirst (17 bytes)
Event: 508.920 Thread 0x00007fb027132800 nmethod 4721 0x000000010aeb8750 code [0x000000010aeb88a0, 0x000000010aeb89d0]

GC Heap History (10 events):
Event: 23.819 GC heap before
{Heap before GC invocations=10 (full 1):
 PSYoungGen      total 265728K, used 43461K [0x0000000795580000, 0x00000007a6600000, 0x00000007c0000000)
  eden space 255488K, 13% used [0x0000000795580000,0x00000007975f72c8,0x00000007a4f00000)
  from space 10240K, 99% used [0x00000007a5a00000,0x00000007a63fa408,0x00000007a6400000)
  to   space 11264K, 0% used [0x00000007a4f00000,0x00000007a4f00000,0x00000007a5a00000)
 ParOldGen       total 45056K, used 8542K [0x0000000740000000, 0x0000000742c00000, 0x0000000795580000)
  object space 45056K, 18% used [0x0000000740000000,0x0000000740857870,0x0000000742c00000)
 Metaspace       used 33418K, capacity 35300K, committed 35456K, reserved 1079296K
  class space    used 4540K, capacity 4897K, committed 4992K, reserved 1048576K
Event: 23.830 GC heap after
Heap after GC invocations=10 (full 1):
 PSYoungGen      total 266752K, used 8630K [0x0000000795580000, 0x00000007af380000, 0x00000007c0000000)
  eden space 255488K, 0% used [0x0000000795580000,0x0000000795580000,0x00000007a4f00000)
  from space 11264K, 76% used [0x00000007a4f00000,0x00000007a576db48,0x00000007a5a00000)
  to   space 11776K, 0% used [0x00000007ae800000,0x00000007ae800000,0x00000007af380000)
 ParOldGen       total 45056K, used 8550K [0x0000000740000000, 0x0000000742c00000, 0x0000000795580000)
  object space 45056K, 18% used [0x0000000740000000,0x0000000740859870,0x0000000742c00000)
 Metaspace       used 33418K, capacity 35300K, committed 35456K, reserved 1079296K
  class space    used 4540K, capacity 4897K, committed 4992K, reserved 1048576K
}
Event: 23.830 GC heap before
{Heap before GC invocations=11 (full 2):
 PSYoungGen      total 266752K, used 8630K [0x0000000795580000, 0x00000007af380000, 0x00000007c0000000)
  eden space 255488K, 0% used [0x0000000795580000,0x0000000795580000,0x00000007a4f00000)
  from space 11264K, 76% used [0x00000007a4f00000,0x00000007a576db48,0x00000007a5a00000)
  to   space 11776K, 0% used [0x00000007ae800000,0x00000007ae800000,0x00000007af380000)
 ParOldGen       total 45056K, used 8550K [0x0000000740000000, 0x0000000742c00000, 0x0000000795580000)
  object space 45056K, 18% used [0x0000000740000000,0x0000000740859870,0x0000000742c00000)
 Metaspace       used 33418K, capacity 35300K, committed 35456K, reserved 1079296K
  class space    used 4540K, capacity 4897K, committed 4992K, reserved 1048576K
Event: 23.889 GC heap after
Heap after GC invocations=11 (full 2):
 PSYoungGen      total 266752K, used 0K [0x0000000795580000, 0x00000007af380000, 0x00000007c0000000)
  eden space 255488K, 0% used [0x0000000795580000,0x0000000795580000,0x00000007a4f00000)
  from space 11264K, 0% used [0x00000007a4f00000,0x00000007a4f00000,0x00000007a5a00000)
  to   space 11776K, 0% used [0x00000007ae800000,0x00000007ae800000,0x00000007af380000)
 ParOldGen       total 66048K, used 13807K [0x0000000740000000, 0x0000000744080000, 0x0000000795580000)
  object space 66048K, 20% used [0x0000000740000000,0x0000000740d7bc18,0x0000000744080000)
 Metaspace       used 33418K, capacity 35300K, committed 35456K, reserved 1079296K
  class space    used 4540K, capacity 4897K, committed 4992K, reserved 1048576K
}
Event: 30.069 GC heap before
{Heap before GC invocations=12 (full 2):
 PSYoungGen      total 266752K, used 255488K [0x0000000795580000, 0x00000007af380000, 0x00000007c0000000)
  eden space 255488K, 100% used [0x0000000795580000,0x00000007a4f00000,0x00000007a4f00000)
  from space 11264K, 0% used [0x00000007a4f00000,0x00000007a4f00000,0x00000007a5a00000)
  to   space 11776K, 0% used [0x00000007ae800000,0x00000007ae800000,0x00000007af380000)
 ParOldGen       total 66048K, used 13807K [0x0000000740000000, 0x0000000744080000, 0x0000000795580000)
  object space 66048K, 20% used [0x0000000740000000,0x0000000740d7bc18,0x0000000744080000)
 Metaspace       used 47561K, capacity 49998K, committed 50304K, reserved 1093632K
  class space    used 6492K, capacity 6930K, committed 7040K, reserved 1048576K
Event: 30.093 GC heap after
Heap after GC invocations=12 (full 2):
 PSYoungGen      total 354304K, used 11767K [0x0000000795580000, 0x00000007af380000, 0x00000007c0000000)
  eden space 342528K, 0% used [0x0000000795580000,0x0000000795580000,0x00000007aa400000)
  from space 11776K, 99% used [0x00000007ae800000,0x00000007af37def8,0x00000007af380000)
  to   space 15872K, 0% used [0x00000007ad480000,0x00000007ad480000,0x00000007ae400000)
 ParOldGen       total 66048K, used 21642K [0x0000000740000000, 0x0000000744080000, 0x0000000795580000)
  object space 66048K, 32% used [0x0000000740000000,0x0000000741522b90,0x0000000744080000)
 Metaspace       used 47561K, capacity 49998K, committed 50304K, reserved 1093632K
  class space    used 6492K, capacity 6930K, committed 7040K, reserved 1048576K
}
Event: 188.303 GC heap before
{Heap before GC invocations=13 (full 2):
 PSYoungGen      total 354304K, used 161086K [0x0000000795580000, 0x00000007af380000, 0x00000007c0000000)
  eden space 342528K, 43% used [0x0000000795580000,0x000000079e751a60,0x00000007aa400000)
  from space 11776K, 99% used [0x00000007ae800000,0x00000007af37def8,0x00000007af380000)
  to   space 15872K, 0% used [0x00000007ad480000,0x00000007ad480000,0x00000007ae400000)
 ParOldGen       total 66048K, used 21642K [0x0000000740000000, 0x0000000744080000, 0x0000000795580000)
  object space 66048K, 32% used [0x0000000740000000,0x0000000741522b90,0x0000000744080000)
 Metaspace       used 56026K, capacity 59026K, committed 59096K, reserved 1099776K
  class space    used 7604K, capacity 8146K, committed 8192K, reserved 1048576K
Event: 188.324 GC heap after
Heap after GC invocations=13 (full 2):
 PSYoungGen      total 408064K, used 8929K [0x0000000795580000, 0x00000007b2600000, 0x00000007c0000000)
  eden space 392192K, 0% used [0x0000000795580000,0x0000000795580000,0x00000007ad480000)
  from space 15872K, 56% used [0x00000007ad480000,0x00000007add38720,0x00000007ae400000)
  to   space 15360K, 0% used [0x00000007b1700000,0x00000007b1700000,0x00000007b2600000)
 ParOldGen       total 66048K, used 29728K [0x0000000740000000, 0x0000000744080000, 0x0000000795580000)
  object space 66048K, 45% used [0x0000000740000000,0x0000000741d08190,0x0000000744080000)
 Metaspace       used 56026K, capacity 59026K, committed 59096K, reserved 1099776K
  class space    used 7604K, capacity 8146K, committed 8192K, reserved 1048576K
}
Event: 188.324 GC heap before
{Heap before GC invocations=14 (full 3):
 PSYoungGen      total 408064K, used 8929K [0x0000000795580000, 0x00000007b2600000, 0x00000007c0000000)
  eden space 392192K, 0% used [0x0000000795580000,0x0000000795580000,0x00000007ad480000)
  from space 15872K, 56% used [0x00000007ad480000,0x00000007add38720,0x00000007ae400000)
  to   space 15360K, 0% used [0x00000007b1700000,0x00000007b1700000,0x00000007b2600000)
 ParOldGen       total 66048K, used 29728K [0x0000000740000000, 0x0000000744080000, 0x0000000795580000)
  object space 66048K, 45% used [0x0000000740000000,0x0000000741d08190,0x0000000744080000)
 Metaspace       used 56026K, capacity 59026K, committed 59096K, reserved 1099776K
  class space    used 7604K, capacity 8146K, committed 8192K, reserved 1048576K
Event: 188.562 GC heap after
Heap after GC invocations=14 (full 3):
 PSYoungGen      total 408064K, used 0K [0x0000000795580000, 0x00000007b2600000, 0x00000007c0000000)
  eden space 392192K, 0% used [0x0000000795580000,0x0000000795580000,0x00000007ad480000)
  from space 15872K, 0% used [0x00000007ad480000,0x00000007ad480000,0x00000007ae400000)
  to   space 15360K, 0% used [0x00000007b1700000,0x00000007b1700000,0x00000007b2600000)
 ParOldGen       total 96256K, used 26833K [0x0000000740000000, 0x0000000745e00000, 0x0000000795580000)
  object space 96256K, 27% used [0x0000000740000000,0x0000000741a347a0,0x0000000745e00000)
 Metaspace       used 56026K, capacity 59026K, committed 59096K, reserved 1099776K
  class space    used 7604K, capacity 8146K, committed 8192K, reserved 1048576K
}

Deoptimization events (0 events):
No events

Internal exceptions (10 events):
Event: 267.990 Thread 0x00007fb025d45800 Exception <a 'java/lang/reflect/InvocationTargetException'> (0x000000079798b3c0) thrown at [/HUDSON3/workspace/8-2-build-macosx-x86_64/jdk8u101/7261/hotspot/src/share/vm/runtime/reflection.cpp, line 1092]
Event: 267.990 Thread 0x00007fb025d45800 Exception <a 'java/lang/reflect/InvocationTargetException'> (0x000000079798bd70) thrown at [/HUDSON3/workspace/8-2-build-macosx-x86_64/jdk8u101/7261/hotspot/src/share/vm/runtime/reflection.cpp, line 1092]
Event: 267.990 Thread 0x00007fb025d45800 Exception <a 'java/lang/reflect/InvocationTargetException'> (0x000000079798c538) thrown at [/HUDSON3/workspace/8-2-build-macosx-x86_64/jdk8u101/7261/hotspot/src/share/vm/runtime/reflection.cpp, line 1092]
Event: 267.996 Thread 0x00007fb025d45800 Exception <a 'java/lang/reflect/InvocationTargetException'> (0x000000079798e490) thrown at [/HUDSON3/workspace/8-2-build-macosx-x86_64/jdk8u101/7261/hotspot/src/share/vm/runtime/reflection.cpp, line 1092]
Event: 267.997 Thread 0x00007fb025d45800 Exception <a 'java/lang/reflect/InvocationTargetException'> (0x000000079798ea70) thrown at [/HUDSON3/workspace/8-2-build-macosx-x86_64/jdk8u101/7261/hotspot/src/share/vm/runtime/reflection.cpp, line 1092]
Event: 486.656 Thread 0x00007fb02738e000 Exception <a 'java/lang/reflect/InvocationTargetException'> (0x000000079802ab00) thrown at [/HUDSON3/workspace/8-2-build-macosx-x86_64/jdk8u101/7261/hotspot/src/share/vm/runtime/reflection.cpp, line 1092]
Event: 486.657 Thread 0x00007fb02738e000 Exception <a 'java/lang/reflect/InvocationTargetException'> (0x000000079802b4b0) thrown at [/HUDSON3/workspace/8-2-build-macosx-x86_64/jdk8u101/7261/hotspot/src/share/vm/runtime/reflection.cpp, line 1092]
Event: 486.657 Thread 0x00007fb02738e000 Exception <a 'java/lang/reflect/InvocationTargetException'> (0x000000079802bc78) thrown at [/HUDSON3/workspace/8-2-build-macosx-x86_64/jdk8u101/7261/hotspot/src/share/vm/runtime/reflection.cpp, line 1092]
Event: 486.663 Thread 0x00007fb02738e000 Exception <a 'java/lang/reflect/InvocationTargetException'> (0x000000079802dbd0) thrown at [/HUDSON3/workspace/8-2-build-macosx-x86_64/jdk8u101/7261/hotspot/src/share/vm/runtime/reflection.cpp, line 1092]
Event: 486.665 Thread 0x00007fb02738e000 Exception <a 'java/lang/reflect/InvocationTargetException'> (0x000000079802e1b0) thrown at [/HUDSON3/workspace/8-2-build-macosx-x86_64/jdk8u101/7261/hotspot/src/share/vm/runtime/reflection.cpp, line 1092]

Events (10 events):
Event: 494.218 Executing VM operation: RedefineClasses
Event: 494.264 Executing VM operation: RedefineClasses done
Event: 494.278 Executing VM operation: ChangeBreakpoints
Event: 494.280 Executing VM operation: ChangeBreakpoints done
Event: 494.315 Executing VM operation: ChangeBreakpoints
Event: 494.317 Executing VM operation: ChangeBreakpoints done
Event: 494.317 Executing VM operation: ChangeBreakpoints
Event: 494.320 Executing VM operation: ChangeBreakpoints done
Event: 525.008 Executing VM operation: RedefineClasses
Event: 525.032 Executing VM operation: RedefineClasses done


Dynamic libraries:
0x000000000b358000 	/System/Library/Frameworks/Cocoa.framework/Versions/A/Cocoa
0x000000000b358000 	/System/Library/Frameworks/Security.framework/Versions/A/Security
0x000000000b358000 	/System/Library/Frameworks/ApplicationServices.framework/Versions/A/ApplicationServices
0x000000000b358000 	/usr/lib/libz.1.dylib
0x000000000b358000 	/usr/lib/libSystem.B.dylib
0x000000000b358000 	/usr/lib/libobjc.A.dylib
0x000000000b358000 	/System/Library/Frameworks/CoreFoundation.framework/Versions/A/CoreFoundation
0x000000000b358000 	/System/Library/Frameworks/Foundation.framework/Versions/C/Foundation
0x000000000b358000 	/System/Library/Frameworks/AppKit.framework/Versions/C/AppKit
0x000000000b358000 	/System/Library/Frameworks/CoreData.framework/Versions/A/CoreData
0x000000000b358000 	/System/Library/PrivateFrameworks/UIFoundation.framework/Versions/A/UIFoundation
0x000000000b358000 	/System/Library/PrivateFrameworks/RemoteViewServices.framework/Versions/A/RemoteViewServices
0x000000000b358000 	/System/Library/PrivateFrameworks/XCTTargetBootstrap.framework/Versions/A/XCTTargetBootstrap
0x000000000b358000 	/System/Library/Frameworks/CoreDisplay.framework/Versions/A/CoreDisplay
0x000000000b358000 	/System/Library/Frameworks/Metal.framework/Versions/A/Metal
0x000000000b358000 	/System/Library/PrivateFrameworks/DesktopServicesPriv.framework/Versions/A/DesktopServicesPriv
0x000000000b358000 	/usr/lib/liblangid.dylib
0x000000000b358000 	/System/Library/PrivateFrameworks/CoreSVG.framework/Versions/A/CoreSVG
0x000000000b358000 	/System/Library/PrivateFrameworks/SkyLight.framework/Versions/A/SkyLight
0x000000000b358000 	/System/Library/Frameworks/CoreGraphics.framework/Versions/A/CoreGraphics
0x000000000b358000 	/System/Library/Frameworks/Accelerate.framework/Versions/A/Accelerate
0x000000000b358000 	/usr/lib/libxml2.2.dylib
0x000000000b358000 	/System/Library/PrivateFrameworks/IconServices.framework/Versions/A/IconServices
0x000000000b358000 	/System/Library/Frameworks/IOSurface.framework/Versions/A/IOSurface
0x000000000b358000 	/usr/lib/libDiagnosticMessagesClient.dylib
0x000000000b358000 	/System/Library/PrivateFrameworks/DFRFoundation.framework/Versions/A/DFRFoundation
0x000000000b358000 	/usr/lib/libicucore.A.dylib
0x000000000b358000 	/System/Library/Frameworks/AudioToolbox.framework/Versions/A/AudioToolbox
0x000000000b358000 	/System/Library/Frameworks/AudioUnit.framework/Versions/A/AudioUnit
0x000000000b358000 	/usr/lib/libauto.dylib
0x000000000b358000 	/System/Library/PrivateFrameworks/DataDetectorsCore.framework/Versions/A/DataDetectorsCore
0x000000000b358000 	/System/Library/Frameworks/Carbon.framework/Versions/A/Frameworks/HIToolbox.framework/Versions/A/HIToolbox
0x000000000b358000 	/System/Library/Frameworks/QuartzCore.framework/Versions/A/QuartzCore
0x000000000b358000 	/System/Library/Frameworks/Carbon.framework/Versions/A/Frameworks/SpeechRecognition.framework/Versions/A/SpeechRecognition
0x000000000b358000 	/System/Library/PrivateFrameworks/CoreUI.framework/Versions/A/CoreUI
0x000000000b358000 	/System/Library/Frameworks/CoreAudio.framework/Versions/A/CoreAudio
0x000000000b358000 	/System/Library/Frameworks/DiskArbitration.framework/Versions/A/DiskArbitration
0x000000000b358000 	/System/Library/PrivateFrameworks/MultitouchSupport.framework/Versions/A/MultitouchSupport
0x000000000b358000 	/usr/lib/libenergytrace.dylib
0x000000000b358000 	/System/Library/Frameworks/IOKit.framework/Versions/A/IOKit
0x000000000b358000 	/System/Library/Frameworks/CoreServices.framework/Versions/A/CoreServices
0x000000000b358000 	/System/Library/PrivateFrameworks/PerformanceAnalysis.framework/Versions/A/PerformanceAnalysis
0x000000000b358000 	/System/Library/Frameworks/OpenGL.framework/Versions/A/OpenGL
0x000000000b358000 	/System/Library/Frameworks/ColorSync.framework/Versions/A/ColorSync
0x000000000b358000 	/System/Library/Frameworks/CoreImage.framework/Versions/A/CoreImage
0x000000000b358000 	/System/Library/Frameworks/CoreText.framework/Versions/A/CoreText
0x000000000b358000 	/System/Library/Frameworks/ImageIO.framework/Versions/A/ImageIO
0x000000000b358000 	/usr/lib/libc++.1.dylib
0x000000000b358000 	/usr/lib/libcompression.dylib
0x000000000b358000 	/usr/lib/libMobileGestalt.dylib
0x000000000b358000 	/System/Library/PrivateFrameworks/TextureIO.framework/Versions/A/TextureIO
0x000000000b358000 	/usr/lib/libate.dylib
0x000000000b358000 	/System/Library/PrivateFrameworks/InternationalSupport.framework/Versions/A/InternationalSupport
0x000000000b358000 	/usr/lib/system/libcache.dylib
0x000000000b358000 	/usr/lib/system/libcommonCrypto.dylib
0x000000000b358000 	/usr/lib/system/libcompiler_rt.dylib
0x000000000b358000 	/usr/lib/system/libcopyfile.dylib
0x000000000b358000 	/usr/lib/system/libcorecrypto.dylib
0x000000000b358000 	/usr/lib/system/libdispatch.dylib
0x000000000b358000 	/usr/lib/system/libdyld.dylib
0x000000000b358000 	/usr/lib/system/libkeymgr.dylib
0x000000000b358000 	/usr/lib/system/liblaunch.dylib
0x000000000b358000 	/usr/lib/system/libmacho.dylib
0x000000000b358000 	/usr/lib/system/libquarantine.dylib
0x000000000b358000 	/usr/lib/system/libremovefile.dylib
0x000000000b358000 	/usr/lib/system/libsystem_asl.dylib
0x000000000b358000 	/usr/lib/system/libsystem_blocks.dylib
0x000000000b358000 	/usr/lib/system/libsystem_c.dylib
0x000000000b358000 	/usr/lib/system/libsystem_configuration.dylib
0x000000000b358000 	/usr/lib/system/libsystem_coreservices.dylib
0x000000000b358000 	/usr/lib/system/libsystem_darwin.dylib
0x000000000b358000 	/usr/lib/system/libsystem_dnssd.dylib
0x000000000b358000 	/usr/lib/system/libsystem_featureflags.dylib
0x000000000b358000 	/usr/lib/system/libsystem_info.dylib
0x000000000b358000 	/usr/lib/system/libsystem_m.dylib
0x000000000b358000 	/usr/lib/system/libsystem_malloc.dylib
0x000000000b358000 	/usr/lib/system/libsystem_networkextension.dylib
0x000000000b358000 	/usr/lib/system/libsystem_notify.dylib
0x000000000b358000 	/usr/lib/system/libsystem_sandbox.dylib
0x000000000b358000 	/usr/lib/system/libsystem_secinit.dylib
0x000000000b358000 	/usr/lib/system/libsystem_kernel.dylib
0x000000000b358000 	/usr/lib/system/libsystem_platform.dylib
0x000000000b358000 	/usr/lib/system/libsystem_pthread.dylib
0x000000000b358000 	/usr/lib/system/libsystem_symptoms.dylib
0x000000000b358000 	/usr/lib/system/libsystem_trace.dylib
0x000000000b358000 	/usr/lib/system/libunwind.dylib
0x000000000b358000 	/usr/lib/system/libxpc.dylib
0x000000000b358000 	/usr/lib/libc++abi.dylib
0x000000000b358000 	/usr/lib/liblzma.5.dylib
0x000000000b358000 	/usr/lib/libfakelink.dylib
0x000000000b358000 	/usr/lib/libarchive.2.dylib
0x000000000b358000 	/System/Library/Frameworks/SystemConfiguration.framework/Versions/A/SystemConfiguration
0x000000000b358000 	/usr/lib/libCRFSuite.dylib
0x000000000b358000 	/System/Library/Frameworks/CFNetwork.framework/Versions/A/CFNetwork
0x000000000b358000 	/usr/lib/libbsm.0.dylib
0x000000000b358000 	/usr/lib/system/libkxld.dylib
0x000000000b358000 	/System/Library/PrivateFrameworks/AppleFSCompression.framework/Versions/A/AppleFSCompression
0x000000000b358000 	/usr/lib/libcoretls.dylib
0x000000000b358000 	/usr/lib/libcoretls_cfhelpers.dylib
0x000000000b358000 	/usr/lib/libpam.2.dylib
0x000000000b358000 	/usr/lib/libsqlite3.dylib
0x000000000b358000 	/usr/lib/libxar.1.dylib
0x000000000b358000 	/usr/lib/libbz2.1.0.dylib
0x000000000b358000 	/usr/lib/libiconv.2.dylib
0x000000000b358000 	/usr/lib/libcharset.1.dylib
0x000000000b358000 	/usr/lib/libnetwork.dylib
0x000000000b358000 	/usr/lib/libpcap.A.dylib
0x000000000b358000 	/usr/lib/libapple_nghttp2.dylib
0x000000000b358000 	/System/Library/Frameworks/CoreServices.framework/Versions/A/Frameworks/FSEvents.framework/Versions/A/FSEvents
0x000000000b358000 	/System/Library/Frameworks/CoreServices.framework/Versions/A/Frameworks/CarbonCore.framework/Versions/A/CarbonCore
0x000000000b358000 	/System/Library/Frameworks/CoreServices.framework/Versions/A/Frameworks/Metadata.framework/Versions/A/Metadata
0x000000000b358000 	/System/Library/Frameworks/CoreServices.framework/Versions/A/Frameworks/OSServices.framework/Versions/A/OSServices
0x000000000b358000 	/System/Library/Frameworks/CoreServices.framework/Versions/A/Frameworks/SearchKit.framework/Versions/A/SearchKit
0x000000000b358000 	/System/Library/Frameworks/CoreServices.framework/Versions/A/Frameworks/AE.framework/Versions/A/AE
0x000000000b358000 	/System/Library/Frameworks/CoreServices.framework/Versions/A/Frameworks/LaunchServices.framework/Versions/A/LaunchServices
0x000000000b358000 	/System/Library/Frameworks/CoreServices.framework/Versions/A/Frameworks/DictionaryServices.framework/Versions/A/DictionaryServices
0x000000000b358000 	/System/Library/Frameworks/CoreServices.framework/Versions/A/Frameworks/SharedFileList.framework/Versions/A/SharedFileList
0x000000000b358000 	/System/Library/Frameworks/NetFS.framework/Versions/A/NetFS
0x000000000b358000 	/System/Library/PrivateFrameworks/NetAuth.framework/Versions/A/NetAuth
0x000000000b358000 	/System/Library/PrivateFrameworks/login.framework/Versions/A/Frameworks/loginsupport.framework/Versions/A/loginsupport
0x000000000b358000 	/System/Library/PrivateFrameworks/TCC.framework/Versions/A/TCC
0x000000000b358000 	/System/Library/PrivateFrameworks/CoreNLP.framework/Versions/A/CoreNLP
0x000000000b358000 	/System/Library/PrivateFrameworks/MetadataUtilities.framework/Versions/A/MetadataUtilities
0x000000000b358000 	/usr/lib/libmecabra.dylib
0x000000000b358000 	/usr/lib/libmecab.dylib
0x000000000b358000 	/usr/lib/libgermantok.dylib
0x000000000b358000 	/usr/lib/libThaiTokenizer.dylib
0x000000000b358000 	/usr/lib/libChineseTokenizer.dylib
0x000000000b358000 	/System/Library/Frameworks/Accelerate.framework/Versions/A/Frameworks/vImage.framework/Versions/A/vImage
0x000000000b358000 	/System/Library/Frameworks/Accelerate.framework/Versions/A/Frameworks/vecLib.framework/Versions/A/vecLib
0x000000000b358000 	/System/Library/Frameworks/Accelerate.framework/Versions/A/Frameworks/vecLib.framework/Versions/A/libvMisc.dylib
0x000000000b358000 	/System/Library/Frameworks/Accelerate.framework/Versions/A/Frameworks/vecLib.framework/Versions/A/libvDSP.dylib
0x000000000b358000 	/System/Library/Frameworks/Accelerate.framework/Versions/A/Frameworks/vecLib.framework/Versions/A/libBLAS.dylib
0x000000000b358000 	/System/Library/Frameworks/Accelerate.framework/Versions/A/Frameworks/vecLib.framework/Versions/A/libLAPACK.dylib
0x000000000b358000 	/System/Library/Frameworks/Accelerate.framework/Versions/A/Frameworks/vecLib.framework/Versions/A/libLinearAlgebra.dylib
0x000000000b358000 	/System/Library/Frameworks/Accelerate.framework/Versions/A/Frameworks/vecLib.framework/Versions/A/libSparseBLAS.dylib
0x000000000b358000 	/System/Library/Frameworks/Accelerate.framework/Versions/A/Frameworks/vecLib.framework/Versions/A/libQuadrature.dylib
0x000000000b358000 	/System/Library/Frameworks/Accelerate.framework/Versions/A/Frameworks/vecLib.framework/Versions/A/libBNNS.dylib
0x000000000b358000 	/System/Library/Frameworks/Accelerate.framework/Versions/A/Frameworks/vecLib.framework/Versions/A/libSparse.dylib
0x000000000b358000 	/System/Library/PrivateFrameworks/LanguageModeling.framework/Versions/A/LanguageModeling
0x000000000b358000 	/System/Library/PrivateFrameworks/CoreEmoji.framework/Versions/A/CoreEmoji
0x000000000b358000 	/System/Library/PrivateFrameworks/LinguisticData.framework/Versions/A/LinguisticData
0x000000000b358000 	/System/Library/PrivateFrameworks/Lexicon.framework/Versions/A/Lexicon
0x000000000b358000 	/usr/lib/libcmph.dylib
0x000000000b358000 	/System/Library/Frameworks/OpenDirectory.framework/Versions/A/Frameworks/CFOpenDirectory.framework/Versions/A/CFOpenDirectory
0x000000000b358000 	/System/Library/Frameworks/OpenDirectory.framework/Versions/A/OpenDirectory
0x000000000b358000 	/System/Library/PrivateFrameworks/APFS.framework/Versions/A/APFS
0x000000000b358000 	/System/Library/Frameworks/SecurityFoundation.framework/Versions/A/SecurityFoundation
0x000000000b358000 	/usr/lib/libutil.dylib
0x000000000b358000 	/System/Library/PrivateFrameworks/CoreServicesStore.framework/Versions/A/CoreServicesStore
0x000000000b358000 	/System/Library/Frameworks/ServiceManagement.framework/Versions/A/ServiceManagement
0x000000000b358000 	/System/Library/PrivateFrameworks/BackgroundTaskManagement.framework/Versions/A/BackgroundTaskManagement
0x000000000b358000 	/usr/lib/libxslt.1.dylib
0x000000000b358000 	/System/Library/PrivateFrameworks/AppleSystemInfo.framework/Versions/A/AppleSystemInfo
0x000000000b358000 	/System/Library/Frameworks/ImageIO.framework/Versions/A/Resources/libJPEG.dylib
0x000000000b358000 	/System/Library/Frameworks/ImageIO.framework/Versions/A/Resources/libTIFF.dylib
0x000000000b358000 	/System/Library/Frameworks/ImageIO.framework/Versions/A/Resources/libPng.dylib
0x000000000b358000 	/System/Library/Frameworks/ImageIO.framework/Versions/A/Resources/libGIF.dylib
0x000000000b358000 	/System/Library/Frameworks/ImageIO.framework/Versions/A/Resources/libJP2.dylib
0x000000000b358000 	/System/Library/Frameworks/ImageIO.framework/Versions/A/Resources/libRadiance.dylib
0x000000000b358000 	/usr/lib/libexpat.1.dylib
0x000000000b358000 	/System/Library/PrivateFrameworks/AppleJPEG.framework/Versions/A/AppleJPEG
0x000000000b358000 	/System/Library/PrivateFrameworks/FontServices.framework/libFontParser.dylib
0x000000000b358000 	/System/Library/PrivateFrameworks/WatchdogClient.framework/Versions/A/WatchdogClient
0x000000000b358000 	/System/Library/PrivateFrameworks/IOAccelerator.framework/Versions/A/IOAccelerator
0x000000000b358000 	/System/Library/Frameworks/MetalPerformanceShaders.framework/Versions/A/MetalPerformanceShaders
0x000000000b358000 	/System/Library/PrivateFrameworks/GPUWrangler.framework/Versions/A/GPUWrangler
0x000000000b358000 	/System/Library/PrivateFrameworks/IOPresentment.framework/Versions/A/IOPresentment
0x000000000b358000 	/System/Library/PrivateFrameworks/DSExternalDisplay.framework/Versions/A/DSExternalDisplay
0x000000000b358000 	/System/Library/Frameworks/OpenGL.framework/Versions/A/Libraries/libCoreFSCache.dylib
0x000000000b358000 	/System/Library/Frameworks/MetalPerformanceShaders.framework/Frameworks/MPSCore.framework/Versions/A/MPSCore
0x000000000b358000 	/System/Library/Frameworks/MetalPerformanceShaders.framework/Frameworks/MPSImage.framework/Versions/A/MPSImage
0x000000000b358000 	/System/Library/Frameworks/MetalPerformanceShaders.framework/Frameworks/MPSNeuralNetwork.framework/Versions/A/MPSNeuralNetwork
0x000000000b358000 	/System/Library/Frameworks/MetalPerformanceShaders.framework/Frameworks/MPSMatrix.framework/Versions/A/MPSMatrix
0x000000000b358000 	/System/Library/Frameworks/MetalPerformanceShaders.framework/Frameworks/MPSRayIntersector.framework/Versions/A/MPSRayIntersector
0x000000000b358000 	/System/Library/Frameworks/MetalPerformanceShaders.framework/Frameworks/MPSNDArray.framework/Versions/A/MPSNDArray
0x000000000b358000 	/System/Library/PrivateFrameworks/MetalTools.framework/Versions/A/MetalTools
0x000000000b358000 	/System/Library/PrivateFrameworks/AggregateDictionary.framework/Versions/A/AggregateDictionary
0x000000000b358000 	/System/Library/PrivateFrameworks/CoreAnalytics.framework/Versions/A/CoreAnalytics
0x000000000b358000 	/System/Library/PrivateFrameworks/AppleSauce.framework/Versions/A/AppleSauce
0x000000000b358000 	/usr/lib/libIOReport.dylib
0x000000000b358000 	/System/Library/Frameworks/CoreVideo.framework/Versions/A/CoreVideo
0x000000000b358000 	/System/Library/PrivateFrameworks/GraphVisualizer.framework/Versions/A/GraphVisualizer
0x000000000b358000 	/System/Library/PrivateFrameworks/FaceCore.framework/Versions/A/FaceCore
0x000000000b358000 	/System/Library/Frameworks/OpenCL.framework/Versions/A/OpenCL
0x000000000b358000 	/usr/lib/libFosl_dynamic.dylib
0x000000000b358000 	/System/Library/PrivateFrameworks/OTSVG.framework/Versions/A/OTSVG
0x000000000b358000 	/System/Library/Frameworks/ApplicationServices.framework/Versions/A/Frameworks/ATS.framework/Versions/A/Resources/libFontRegistry.dylib
0x000000000b358000 	/System/Library/PrivateFrameworks/FontServices.framework/libhvf.dylib
0x000000000b358000 	/System/Library/Frameworks/OpenGL.framework/Versions/A/Libraries/libGFXShared.dylib
0x000000000b358000 	/System/Library/Frameworks/OpenGL.framework/Versions/A/Libraries/libGLU.dylib
0x000000000b358000 	/System/Library/Frameworks/OpenGL.framework/Versions/A/Libraries/libGL.dylib
0x000000000b358000 	/System/Library/Frameworks/OpenGL.framework/Versions/A/Libraries/libGLImage.dylib
0x000000000b358000 	/System/Library/Frameworks/OpenGL.framework/Versions/A/Libraries/libCVMSPluginSupport.dylib
0x000000000b358000 	/System/Library/Frameworks/OpenGL.framework/Versions/A/Libraries/libCoreVMClient.dylib
0x000000000b358000 	/usr/lib/libncurses.5.4.dylib
0x000000000b358000 	/System/Library/Frameworks/ApplicationServices.framework/Versions/A/Frameworks/ATS.framework/Versions/A/ATS
0x000000000b358000 	/System/Library/Frameworks/ApplicationServices.framework/Versions/A/Frameworks/ColorSyncLegacy.framework/Versions/A/ColorSyncLegacy
0x000000000b358000 	/System/Library/Frameworks/ApplicationServices.framework/Versions/A/Frameworks/HIServices.framework/Versions/A/HIServices
0x000000000b358000 	/System/Library/Frameworks/ApplicationServices.framework/Versions/A/Frameworks/LangAnalysis.framework/Versions/A/LangAnalysis
0x000000000b358000 	/System/Library/Frameworks/ApplicationServices.framework/Versions/A/Frameworks/PrintCore.framework/Versions/A/PrintCore
0x000000000b358000 	/System/Library/Frameworks/ApplicationServices.framework/Versions/A/Frameworks/QD.framework/Versions/A/QD
0x000000000b358000 	/System/Library/Frameworks/ApplicationServices.framework/Versions/A/Frameworks/SpeechSynthesis.framework/Versions/A/SpeechSynthesis
0x000000000b358000 	/System/Library/Frameworks/ApplicationServices.framework/Versions/A/Frameworks/ATSUI.framework/Versions/A/ATSUI
0x000000000b358000 	/usr/lib/libcups.2.dylib
0x000000000b358000 	/System/Library/Frameworks/Kerberos.framework/Versions/A/Kerberos
0x000000000b358000 	/System/Library/Frameworks/GSS.framework/Versions/A/GSS
0x000000000b358000 	/usr/lib/libresolv.9.dylib
0x000000000b358000 	/System/Library/PrivateFrameworks/Heimdal.framework/Versions/A/Heimdal
0x000000000b358000 	/System/Library/Frameworks/Kerberos.framework/Versions/A/Libraries/libHeimdalProxy.dylib
0x000000000b358000 	/usr/lib/libheimdal-asn1.dylib
0x000000000b358000 	/System/Library/PrivateFrameworks/CommonAuth.framework/Versions/A/CommonAuth
0x000000000b358000 	/System/Library/PrivateFrameworks/AssertionServices.framework/Versions/A/AssertionServices
0x000000000b358000 	/System/Library/PrivateFrameworks/AudioToolboxCore.framework/Versions/A/AudioToolboxCore
0x000000000b358000 	/System/Library/PrivateFrameworks/caulk.framework/Versions/A/caulk
0x000000000b358000 	/System/Library/PrivateFrameworks/BaseBoard.framework/Versions/A/BaseBoard
0x000000000b358000 	/System/Library/PrivateFrameworks/RunningBoardServices.framework/Versions/A/RunningBoardServices
0x000000000b358000 	/System/Library/PrivateFrameworks/PersistentConnection.framework/Versions/A/PersistentConnection
0x000000000b358000 	/System/Library/PrivateFrameworks/ProtocolBuffer.framework/Versions/A/ProtocolBuffer
0x000000000b358000 	/System/Library/PrivateFrameworks/CommonUtilities.framework/Versions/A/CommonUtilities
0x000000000b358000 	/System/Library/PrivateFrameworks/Bom.framework/Versions/A/Bom
0x000000000b358000 	/usr/lib/libAudioToolboxUtility.dylib
0x000000000b358000 	/System/Library/PrivateFrameworks/Backup.framework/Versions/A/Backup
0x000000000b358000 	/System/Library/PrivateFrameworks/CrashReporterSupport.framework/Versions/A/CrashReporterSupport
0x000000000b358000 	/System/Library/PrivateFrameworks/Sharing.framework/Versions/A/Sharing
0x000000000b358000 	/System/Library/PrivateFrameworks/Apple80211.framework/Versions/A/Apple80211
0x000000000b358000 	/System/Library/PrivateFrameworks/AuthKit.framework/Versions/A/AuthKit
0x000000000b358000 	/System/Library/PrivateFrameworks/CoreUtils.framework/Versions/A/CoreUtils
0x000000000b358000 	/System/Library/Frameworks/CoreWLAN.framework/Versions/A/CoreWLAN
0x000000000b358000 	/System/Library/Frameworks/IOBluetooth.framework/Versions/A/IOBluetooth
0x000000000b358000 	/System/Library/PrivateFrameworks/MobileKeyBag.framework/Versions/A/MobileKeyBag
0x000000000b358000 	/System/Library/PrivateFrameworks/CorePhoneNumbers.framework/Versions/A/CorePhoneNumbers
0x000000000b358000 	/System/Library/PrivateFrameworks/AppleIDAuthSupport.framework/Versions/A/AppleIDAuthSupport
0x000000000b358000 	/System/Library/Frameworks/Network.framework/Versions/A/Network
0x000000000b358000 	/System/Library/PrivateFrameworks/KeychainCircle.framework/Versions/A/KeychainCircle
0x000000000b358000 	/System/Library/Frameworks/CoreBluetooth.framework/Versions/A/CoreBluetooth
0x000000000b358000 	/System/Library/PrivateFrameworks/SpeechRecognitionCore.framework/Versions/A/SpeechRecognitionCore
0x00000001095ed000 	/Library/Java/JavaVirtualMachines/jdk1.8.0_101.jdk/Contents/Home/jre/lib/server/libjvm.dylib
0x000000000b358000 	/usr/lib/libstdc++.6.dylib
0x0000000107d5e000 	/Library/Java/JavaVirtualMachines/jdk1.8.0_101.jdk/Contents/Home/jre/lib/libverify.dylib
0x0000000107d6c000 	/Library/Java/JavaVirtualMachines/jdk1.8.0_101.jdk/Contents/Home/jre/lib/libjava.dylib
0x0000000107da2000 	/Library/Java/JavaVirtualMachines/jdk1.8.0_101.jdk/Contents/Home/jre/lib/libjdwp.dylib
0x0000000107ded000 	/Library/Java/JavaVirtualMachines/jdk1.8.0_101.jdk/Contents/Home/jre/lib/libnpt.dylib
0x0000000108600000 	/Library/Java/JavaVirtualMachines/jdk1.8.0_101.jdk/Contents/Home/jre/lib/libinstrument.dylib
0x0000000108663000 	/Library/Java/JavaVirtualMachines/jdk1.8.0_101.jdk/Contents/Home/jre/lib/libzip.dylib
0x000000000b358000 	/System/Library/Frameworks/JavaVM.framework/Versions/A/Frameworks/JavaRuntimeSupport.framework/Versions/A/JavaRuntimeSupport
0x000000000b358000 	/System/Library/Frameworks/JavaVM.framework/Versions/A/Frameworks/JavaNativeFoundation.framework/Versions/A/JavaNativeFoundation
0x000000000b358000 	/System/Library/Frameworks/JavaVM.framework/Versions/A/JavaVM
0x000000000b358000 	/System/Library/Frameworks/Carbon.framework/Versions/A/Carbon
0x000000000b358000 	/System/Library/PrivateFrameworks/CoreSymbolication.framework/Versions/A/CoreSymbolication
0x000000000b358000 	/System/Library/PrivateFrameworks/JavaLaunching.framework/Versions/A/JavaLaunching
0x000000000b358000 	/System/Library/Frameworks/Carbon.framework/Versions/A/Frameworks/CommonPanels.framework/Versions/A/CommonPanels
0x000000000b358000 	/System/Library/Frameworks/Carbon.framework/Versions/A/Frameworks/Help.framework/Versions/A/Help
0x000000000b358000 	/System/Library/Frameworks/Carbon.framework/Versions/A/Frameworks/ImageCapture.framework/Versions/A/ImageCapture
0x000000000b358000 	/System/Library/Frameworks/Carbon.framework/Versions/A/Frameworks/OpenScripting.framework/Versions/A/OpenScripting
0x000000000b358000 	/System/Library/Frameworks/Carbon.framework/Versions/A/Frameworks/Ink.framework/Versions/A/Ink
0x000000000b358000 	/System/Library/Frameworks/Carbon.framework/Versions/A/Frameworks/Print.framework/Versions/A/Print
0x000000000b358000 	/System/Library/Frameworks/Carbon.framework/Versions/A/Frameworks/SecurityHI.framework/Versions/A/SecurityHI
0x000000000b358000 	/System/Library/PrivateFrameworks/DebugSymbols.framework/Versions/A/DebugSymbols
0x00000001092f0000 	/Library/Java/JavaVirtualMachines/jdk1.8.0_101.jdk/Contents/Home/jre/lib/libdt_socket.dylib
0x000000011fe64000 	/Library/Java/JavaVirtualMachines/jdk1.8.0_101.jdk/Contents/Home/jre/lib/libmanagement.dylib
0x000000011fe72000 	/Library/Java/JavaVirtualMachines/jdk1.8.0_101.jdk/Contents/Home/jre/lib/libnet.dylib
0x000000011fe89000 	/Library/Java/JavaVirtualMachines/jdk1.8.0_101.jdk/Contents/Home/jre/lib/libnio.dylib
0x000000012129a000 	/Library/Java/JavaVirtualMachines/jdk1.8.0_101.jdk/Contents/Home/jre/lib/libsunec.dylib

VM Arguments:
jvm_args: -agentlib:jdwp=transport=dt_socket,suspend=y,address=localhost:60689 -Dcom.sun.management.jmxremote -Dcom.sun.management.jmxremote.port=60688 -Dcom.sun.management.jmxremote.authenticate=false -Dcom.sun.management.jmxremote.ssl=false -Djava.rmi.server.hostname=localhost -Dspring.jmx.enabled=true -Dspring.application.admin.enabled=true -Djava.security.egd=file:/dev/./urandom -Xverify:none -XX:TieredStopAtLevel=1 -Dspring.boot.project.name=jobseek -javaagent:/Applications/Eclipse.app/Contents/Eclipse/configuration/org.eclipse.osgi/404/0/.cp/lib/javaagent-shaded.jar -Dfile.encoding=UTF-8 
java_command: it.lokole.jobseek.JobseekApplication
java_class_path (initial): /Users/Sympho/git/job-seek/jobseek/target/classes:/Users/Sympho/.p2/pool/plugins/org.junit.jupiter.api_5.6.0.v20200203-2009.jar:/Users/Sympho/.p2/pool/plugins/org.junit.jupiter.engine_5.6.0.v20200203-2009.jar:/Users/Sympho/.p2/pool/plugins/org.junit.jupiter.migrationsupport_5.6.0.v20200203-2009.jar:/Users/Sympho/.p2/pool/plugins/org.junit.jupiter.params_5.6.0.v20200203-2009.jar:/Users/Sympho/.p2/pool/plugins/org.junit.platform.commons_1.6.0.v20200203-2009.jar:/Users/Sympho/.p2/pool/plugins/org.junit.platform.engine_1.6.0.v20200203-2009.jar:/Users/Sympho/.p2/pool/plugins/org.junit.platform.launcher_1.6.0.v20200203-2009.jar:/Users/Sympho/.p2/pool/plugins/org.junit.platform.runner_1.6.0.v20200203-2009.jar:/Users/Sympho/.p2/pool/plugins/org.junit.platform.suite.api_1.6.0.v20200203-2009.jar:/Users/Sympho/.p2/pool/plugins/org.junit.vintage.engine_5.6.0.v20200203-2009.jar:/Users/Sympho/.p2/pool/plugins/org.opentest4j_1.2.0.v20190826-0900.jar:/Users/Sympho/.p2/pool/plugins/org.apiguardian_1.1.0.v20190826-0900.jar:/Users/Sympho/.p2/pool/plugins/org.junit_4.13.0.v20200204-1500.jar:/Users/Sympho/.p2/pool/plugins/org.hamcrest.core_1.3.0.v20180420-1519.jar:/Users/Sympho/.m2/repository/org/springframework/boot/spring-boot-starter-data-jpa/2.3.2.RELEASE/spring-boot-starter-data-jpa-2.3.2.RELEASE.jar:/Users/Sympho/.m2/repository/org/springframework/boot/spring-boot-starter-aop/2.3.2.RELEASE/spring-boot-starter-aop-2.3.2.RELEASE.jar:/Users/Sympho/.m2/repository/org/aspectj/aspectjweaver/1.9.6/aspectjweaver-1.9.6.jar:/Users/Sympho/.m2/repository/org/springframework/boot/spring-boot-starter-jdbc/2.3.2.RELEASE/spring-boot-starter-jdbc-2.3.2.RELEASE.jar:/Users/Sympho/.m2/repository/com/zaxxer/HikariCP/3.4.5/HikariCP-3.4.5.jar:/Users/Sympho/.m2/repository/org/springframework/spring-jdbc/5.2.8.RELEASE/spring-jdbc-5.2.8.RELEASE.jar:/Users/Sympho/.m2/repository/jakarta/transaction/jakarta.transaction-api/1.3.3/jakarta.transaction-api-1.3.3.jar:/Users/Sympho/.m2/
Launcher Type: SUN_STANDARD

Environment Variables:
PATH=/usr/bin:/bin:/usr/sbin:/sbin
SHELL=/bin/zsh

Signal Handlers:
SIGSEGV: [libjvm.dylib+0x5af145], sa_mask[0]=11111111011111110111111111111111, sa_flags=SA_ONSTACK|SA_RESTART|SA_SIGINFO
SIGBUS: [libjvm.dylib+0x5af145], sa_mask[0]=11111111011111110111111111111111, sa_flags=SA_RESTART|SA_SIGINFO
SIGFPE: [libjvm.dylib+0x48694c], sa_mask[0]=11111111011111110111111111111111, sa_flags=SA_RESTART|SA_SIGINFO
SIGPIPE: [libjvm.dylib+0x48694c], sa_mask[0]=11111111011111110111111111111111, sa_flags=SA_RESTART|SA_SIGINFO
SIGXFSZ: [libjvm.dylib+0x48694c], sa_mask[0]=11111111011111110111111111111111, sa_flags=SA_RESTART|SA_SIGINFO
SIGILL: [libjvm.dylib+0x48694c], sa_mask[0]=11111111011111110111111111111111, sa_flags=SA_RESTART|SA_SIGINFO
SIGUSR1: SIG_DFL, sa_mask[0]=00000000000000000000000000000000, sa_flags=none
SIGUSR2: [libjvm.dylib+0x48646a], sa_mask[0]=00100000000000000000000000000000, sa_flags=SA_RESTART|SA_SIGINFO
SIGHUP: [libjvm.dylib+0x484a41], sa_mask[0]=11111111011111110111111111111111, sa_flags=SA_RESTART|SA_SIGINFO
SIGINT: [libjvm.dylib+0x484a41], sa_mask[0]=11111111011111110111111111111111, sa_flags=SA_RESTART|SA_SIGINFO
SIGTERM: [libjvm.dylib+0x484a41], sa_mask[0]=11111111011111110111111111111111, sa_flags=SA_RESTART|SA_SIGINFO
SIGQUIT: [libjvm.dylib+0x484a41], sa_mask[0]=11111111011111110111111111111111, sa_flags=SA_RESTART|SA_SIGINFO


---------------  S Y S T E M  ---------------

OS:Bsduname:Darwin 19.6.0 Darwin Kernel Version 19.6.0: Mon Aug 31 22:12:52 PDT 2020; root:xnu-6153.141.2~1/RELEASE_X86_64 x86_64
rlimit: STACK 8192k, CORE 0k, NPROC 1392, NOFILE 10240, AS infinity
load average:3.19 3.23 2.85

CPU:total 4 (2 cores per cpu, 2 threads per core) family 6 model 58 stepping 9, cmov, cx8, fxsr, mmx, sse, sse2, sse3, ssse3, sse4.1, sse4.2, popcnt, avx, aes, clmul, erms, ht, tsc, tscinvbit, tscinv

Memory: 4k page, physical 8388608k(191316k free)

/proc/meminfo:


vm_info: Java HotSpot(TM) 64-Bit Server VM (25.101-b13) for bsd-amd64 JRE (1.8.0_101-b13), built on Jun 22 2016 02:42:15 by "java_re" with gcc 4.2.1 (Based on Apple Inc. build 5658) (LLVM build 2336.11.00)

time: Fri Nov 20 18:45:20 2020
elapsed time: 525 seconds (0d 0h 8m 45s)

